0 info it worked if it ends with ok
1 verbose cli [ '/usr/bin/node',
1 verbose cli   '/usr/bin/npm',
1 verbose cli   'install',
1 verbose cli   '--save',
1 verbose cli   'jquery-ui-dist/jquery-ui' ]
2 info using npm@3.5.2
3 info using node@v8.10.0
4 silly loadCurrentTree Starting
5 silly install loadCurrentTree
6 silly install readLocalPackageData
7 silly fetchPackageMetaData jquery-ui-dist/jquery-ui
8 silly fetchOtherPackageData jquery-ui-dist/jquery-ui
9 silly cache add args [ 'jquery-ui-dist/jquery-ui', null ]
10 verbose cache add spec jquery-ui-dist/jquery-ui
11 silly cache add parsed spec Result {
11 silly cache add   raw: 'jquery-ui-dist/jquery-ui',
11 silly cache add   scope: null,
11 silly cache add   name: null,
11 silly cache add   rawSpec: 'jquery-ui-dist/jquery-ui',
11 silly cache add   spec: 'github:jquery-ui-dist/jquery-ui',
11 silly cache add   type: 'hosted',
11 silly cache add   hosted:
11 silly cache add    { type: 'github',
11 silly cache add      ssh: 'git@github.com:jquery-ui-dist/jquery-ui.git',
11 silly cache add      sshUrl: 'git+ssh://git@github.com/jquery-ui-dist/jquery-ui.git',
11 silly cache add      httpsUrl: 'git+https://github.com/jquery-ui-dist/jquery-ui.git',
11 silly cache add      gitUrl: 'git://github.com/jquery-ui-dist/jquery-ui.git',
11 silly cache add      shortcut: 'github:jquery-ui-dist/jquery-ui',
11 silly cache add      directUrl: 'https://raw.githubusercontent.com/jquery-ui-dist/jquery-ui/master/package.json' } }
12 verbose addRemoteGit caching jquery-ui-dist/jquery-ui
13 verbose addRemoteGit jquery-ui-dist/jquery-ui is a repository hosted by github
14 silly tryGitProto attempting to clone git://github.com/jquery-ui-dist/jquery-ui.git
15 silly tryClone cloning jquery-ui-dist/jquery-ui via git://github.com/jquery-ui-dist/jquery-ui.git
16 verbose tryClone git-github-com-jquery-ui-dist-jquery-ui-git-2ac3d185 not in flight; caching
17 info git [ 'config', '--get', 'remote.origin.url' ]
18 warn addRemoteGit Error: Command failed: git config --get remote.origin.url
18 warn addRemoteGit
18 warn addRemoteGit     at ChildProcess.exithandler (child_process.js:275:12)
18 warn addRemoteGit     at emitTwo (events.js:126:13)
18 warn addRemoteGit     at ChildProcess.emit (events.js:214:7)
18 warn addRemoteGit     at maybeClose (internal/child_process.js:925:16)
18 warn addRemoteGit     at Socket.stream.socket.on (internal/child_process.js:346:11)
18 warn addRemoteGit     at emitOne (events.js:116:13)
18 warn addRemoteGit     at Socket.emit (events.js:211:7)
18 warn addRemoteGit     at Pipe._handle.close [as _onclose] (net.js:567:12)
18 warn addRemoteGit  jquery-ui-dist/jquery-ui resetting remote /home/ekaterina/.npm/_git-remotes/git-github-com-jquery-ui-dist-jquery-ui-git-2ac3d185 because of error: { Error: Command failed: git config --get remote.origin.url
18 warn addRemoteGit
18 warn addRemoteGit     at ChildProcess.exithandler (child_process.js:275:12)
18 warn addRemoteGit     at emitTwo (events.js:126:13)
18 warn addRemoteGit     at ChildProcess.emit (events.js:214:7)
18 warn addRemoteGit     at maybeClose (internal/child_process.js:925:16)
18 warn addRemoteGit     at Socket.stream.socket.on (internal/child_process.js:346:11)
18 warn addRemoteGit     at emitOne (events.js:116:13)
18 warn addRemoteGit     at Socket.emit (events.js:211:7)
18 warn addRemoteGit     at Pipe._handle.close [as _onclose] (net.js:567:12)
18 warn addRemoteGit   killed: false,
18 warn addRemoteGit   code: 1,
18 warn addRemoteGit   signal: null,
18 warn addRemoteGit   cmd: 'git config --get remote.origin.url' }
19 info resetRemote resetting /home/ekaterina/.npm/_git-remotes/git-github-com-jquery-ui-dist-jquery-ui-git-2ac3d185 for jquery-ui-dist/jquery-ui
20 silly gentlyRm /home/ekaterina/.npm/_git-remotes/git-github-com-jquery-ui-dist-jquery-ui-git-2ac3d185 is being purged
21 verbose gentlyRm don't care about contents; nuking /home/ekaterina/.npm/_git-remotes/git-github-com-jquery-ui-dist-jquery-ui-git-2ac3d185
22 silly vacuum-fs purging /home/ekaterina/.npm/_git-remotes/git-github-com-jquery-ui-dist-jquery-ui-git-2ac3d185
23 silly vacuum-fs quitting because other entries in /home/ekaterina/.npm/_git-remotes
24 info git [ 'clone',
24 info git   '--template=/home/ekaterina/.npm/_git-remotes/_templates',
24 info git   '--mirror',
24 info git   'git://github.com/jquery-ui-dist/jquery-ui.git',
24 info git   '/home/ekaterina/.npm/_git-remotes/git-github-com-jquery-ui-dist-jquery-ui-git-2ac3d185' ]
25 error git clone --template=/home/ekaterina/.npm/_git-remotes/_templates --mirror git://github.com/jquery-ui-dist/jquery-ui.git /home/ekaterina/.npm/_git-remotes/git-github-com-jquery-ui-dist-jquery-ui-git-2ac3d185: Cloning into bare repository '/home/ekaterina/.npm/_git-remotes/git-github-com-jquery-ui-dist-jquery-ui-git-2ac3d185'...
25 error git clone --template=/home/ekaterina/.npm/_git-remotes/_templates --mirror git://github.com/jquery-ui-dist/jquery-ui.git /home/ekaterina/.npm/_git-remotes/git-github-com-jquery-ui-dist-jquery-ui-git-2ac3d185: fatal: remote error:
25 error git clone --template=/home/ekaterina/.npm/_git-remotes/_templates --mirror git://github.com/jquery-ui-dist/jquery-ui.git /home/ekaterina/.npm/_git-remotes/git-github-com-jquery-ui-dist-jquery-ui-git-2ac3d185:   Repository not found.
26 silly tryHTTPS attempting to clone git+https://github.com/jquery-ui-dist/jquery-ui.git
27 silly tryClone cloning jquery-ui-dist/jquery-ui via git+https://github.com/jquery-ui-dist/jquery-ui.git
28 verbose tryClone git-https-github-com-jquery-ui-dist-jquery-ui-git-ff51d5e7 not in flight; caching
29 info git [ 'config', '--get', 'remote.origin.url' ]
30 warn addRemoteGit Error: Command failed: git config --get remote.origin.url
30 warn addRemoteGit
30 warn addRemoteGit     at ChildProcess.exithandler (child_process.js:275:12)
30 warn addRemoteGit     at emitTwo (events.js:126:13)
30 warn addRemoteGit     at ChildProcess.emit (events.js:214:7)
30 warn addRemoteGit     at maybeClose (internal/child_process.js:925:16)
30 warn addRemoteGit     at Socket.stream.socket.on (internal/child_process.js:346:11)
30 warn addRemoteGit     at emitOne (events.js:116:13)
30 warn addRemoteGit     at Socket.emit (events.js:211:7)
30 warn addRemoteGit     at Pipe._handle.close [as _onclose] (net.js:567:12)
30 warn addRemoteGit  jquery-ui-dist/jquery-ui resetting remote /home/ekaterina/.npm/_git-remotes/git-https-github-com-jquery-ui-dist-jquery-ui-git-ff51d5e7 because of error: { Error: Command failed: git config --get remote.origin.url
30 warn addRemoteGit
30 warn addRemoteGit     at ChildProcess.exithandler (child_process.js:275:12)
30 warn addRemoteGit     at emitTwo (events.js:126:13)
30 warn addRemoteGit     at ChildProcess.emit (events.js:214:7)
30 warn addRemoteGit     at maybeClose (internal/child_process.js:925:16)
30 warn addRemoteGit     at Socket.stream.socket.on (internal/child_process.js:346:11)
30 warn addRemoteGit     at emitOne (events.js:116:13)
30 warn addRemoteGit     at Socket.emit (events.js:211:7)
30 warn addRemoteGit     at Pipe._handle.close [as _onclose] (net.js:567:12)
30 warn addRemoteGit   killed: false,
30 warn addRemoteGit   code: 1,
30 warn addRemoteGit   signal: null,
30 warn addRemoteGit   cmd: 'git config --get remote.origin.url' }
31 info resetRemote resetting /home/ekaterina/.npm/_git-remotes/git-https-github-com-jquery-ui-dist-jquery-ui-git-ff51d5e7 for jquery-ui-dist/jquery-ui
32 silly gentlyRm /home/ekaterina/.npm/_git-remotes/git-https-github-com-jquery-ui-dist-jquery-ui-git-ff51d5e7 is being purged
33 verbose gentlyRm don't care about contents; nuking /home/ekaterina/.npm/_git-remotes/git-https-github-com-jquery-ui-dist-jquery-ui-git-ff51d5e7
34 silly vacuum-fs purging /home/ekaterina/.npm/_git-remotes/git-https-github-com-jquery-ui-dist-jquery-ui-git-ff51d5e7
35 silly vacuum-fs quitting because other entries in /home/ekaterina/.npm/_git-remotes
36 info git [ 'clone',
36 info git   '--template=/home/ekaterina/.npm/_git-remotes/_templates',
36 info git   '--mirror',
36 info git   'https://github.com/jquery-ui-dist/jquery-ui.git',
36 info git   '/home/ekaterina/.npm/_git-remotes/git-https-github-com-jquery-ui-dist-jquery-ui-git-ff51d5e7' ]
37 error git clone --template=/home/ekaterina/.npm/_git-remotes/_templates --mirror https://github.com/jquery-ui-dist/jquery-ui.git /home/ekaterina/.npm/_git-remotes/git-https-github-com-jquery-ui-dist-jquery-ui-git-ff51d5e7: Cloning into bare repository '/home/ekaterina/.npm/_git-remotes/git-https-github-com-jquery-ui-dist-jquery-ui-git-ff51d5e7'...
37 error git clone --template=/home/ekaterina/.npm/_git-remotes/_templates --mirror https://github.com/jquery-ui-dist/jquery-ui.git /home/ekaterina/.npm/_git-remotes/git-https-github-com-jquery-ui-dist-jquery-ui-git-ff51d5e7: remote: Repository not found.
37 error git clone --template=/home/ekaterina/.npm/_git-remotes/_templates --mirror https://github.com/jquery-ui-dist/jquery-ui.git /home/ekaterina/.npm/_git-remotes/git-https-github-com-jquery-ui-dist-jquery-ui-git-ff51d5e7: fatal: repository 'https://github.com/jquery-ui-dist/jquery-ui.git/' not found
38 silly trySSH attempting to clone git@github.com:jquery-ui-dist/jquery-ui.git
39 silly tryClone cloning jquery-ui-dist/jquery-ui via git@github.com:jquery-ui-dist/jquery-ui.git
40 verbose tryClone git-github-com-jquery-ui-dist-jquery-ui-git-9a9d9a06 not in flight; caching
41 info git [ 'config', '--get', 'remote.origin.url' ]
42 warn addRemoteGit Error: Command failed: git config --get remote.origin.url
42 warn addRemoteGit
42 warn addRemoteGit     at ChildProcess.exithandler (child_process.js:275:12)
42 warn addRemoteGit     at emitTwo (events.js:126:13)
42 warn addRemoteGit     at ChildProcess.emit (events.js:214:7)
42 warn addRemoteGit     at maybeClose (internal/child_process.js:925:16)
42 warn addRemoteGit     at Socket.stream.socket.on (internal/child_process.js:346:11)
42 warn addRemoteGit     at emitOne (events.js:116:13)
42 warn addRemoteGit     at Socket.emit (events.js:211:7)
42 warn addRemoteGit     at Pipe._handle.close [as _onclose] (net.js:567:12)
42 warn addRemoteGit  jquery-ui-dist/jquery-ui resetting remote /home/ekaterina/.npm/_git-remotes/git-github-com-jquery-ui-dist-jquery-ui-git-9a9d9a06 because of error: { Error: Command failed: git config --get remote.origin.url
42 warn addRemoteGit
42 warn addRemoteGit     at ChildProcess.exithandler (child_process.js:275:12)
42 warn addRemoteGit     at emitTwo (events.js:126:13)
42 warn addRemoteGit     at ChildProcess.emit (events.js:214:7)
42 warn addRemoteGit     at maybeClose (internal/child_process.js:925:16)
42 warn addRemoteGit     at Socket.stream.socket.on (internal/child_process.js:346:11)
42 warn addRemoteGit     at emitOne (events.js:116:13)
42 warn addRemoteGit     at Socket.emit (events.js:211:7)
42 warn addRemoteGit     at Pipe._handle.close [as _onclose] (net.js:567:12)
42 warn addRemoteGit   killed: false,
42 warn addRemoteGit   code: 1,
42 warn addRemoteGit   signal: null,
42 warn addRemoteGit   cmd: 'git config --get remote.origin.url' }
43 info resetRemote resetting /home/ekaterina/.npm/_git-remotes/git-github-com-jquery-ui-dist-jquery-ui-git-9a9d9a06 for jquery-ui-dist/jquery-ui
44 silly gentlyRm /home/ekaterina/.npm/_git-remotes/git-github-com-jquery-ui-dist-jquery-ui-git-9a9d9a06 is being purged
45 verbose gentlyRm don't care about contents; nuking /home/ekaterina/.npm/_git-remotes/git-github-com-jquery-ui-dist-jquery-ui-git-9a9d9a06
46 silly vacuum-fs purging /home/ekaterina/.npm/_git-remotes/git-github-com-jquery-ui-dist-jquery-ui-git-9a9d9a06
47 silly vacuum-fs quitting because other entries in /home/ekaterina/.npm/_git-remotes
48 info git [ 'clone',
48 info git   '--template=/home/ekaterina/.npm/_git-remotes/_templates',
48 info git   '--mirror',
48 info git   'git@github.com:jquery-ui-dist/jquery-ui.git',
48 info git   '/home/ekaterina/.npm/_git-remotes/git-github-com-jquery-ui-dist-jquery-ui-git-9a9d9a06' ]
49 error git clone --template=/home/ekaterina/.npm/_git-remotes/_templates --mirror git@github.com:jquery-ui-dist/jquery-ui.git /home/ekaterina/.npm/_git-remotes/git-github-com-jquery-ui-dist-jquery-ui-git-9a9d9a06: Cloning into bare repository '/home/ekaterina/.npm/_git-remotes/git-github-com-jquery-ui-dist-jquery-ui-git-9a9d9a06'...
49 error git clone --template=/home/ekaterina/.npm/_git-remotes/_templates --mirror git@github.com:jquery-ui-dist/jquery-ui.git /home/ekaterina/.npm/_git-remotes/git-github-com-jquery-ui-dist-jquery-ui-git-9a9d9a06: Host key verification failed.
49 error git clone --template=/home/ekaterina/.npm/_git-remotes/_templates --mirror git@github.com:jquery-ui-dist/jquery-ui.git /home/ekaterina/.npm/_git-remotes/git-github-com-jquery-ui-dist-jquery-ui-git-9a9d9a06: fatal: Could not read from remote repository.
49 error git clone --template=/home/ekaterina/.npm/_git-remotes/_templates --mirror git@github.com:jquery-ui-dist/jquery-ui.git /home/ekaterina/.npm/_git-remotes/git-github-com-jquery-ui-dist-jquery-ui-git-9a9d9a06:
49 error git clone --template=/home/ekaterina/.npm/_git-remotes/_templates --mirror git@github.com:jquery-ui-dist/jquery-ui.git /home/ekaterina/.npm/_git-remotes/git-github-com-jquery-ui-dist-jquery-ui-git-9a9d9a06: Please make sure you have the correct access rights
49 error git clone --template=/home/ekaterina/.npm/_git-remotes/_templates --mirror git@github.com:jquery-ui-dist/jquery-ui.git /home/ekaterina/.npm/_git-remotes/git-github-com-jquery-ui-dist-jquery-ui-git-9a9d9a06: and the repository exists.
50 silly fetchPackageMetaData Error: Command failed: git clone --template=/home/ekaterina/.npm/_git-remotes/_templates --mirror git@github.com:jquery-ui-dist/jquery-ui.git /home/ekaterina/.npm/_git-remotes/git-github-com-jquery-ui-dist-jquery-ui-git-9a9d9a06
50 silly fetchPackageMetaData Cloning into bare repository '/home/ekaterina/.npm/_git-remotes/git-github-com-jquery-ui-dist-jquery-ui-git-9a9d9a06'...
50 silly fetchPackageMetaData Host key verification failed.
50 silly fetchPackageMetaData fatal: Could not read from remote repository.
50 silly fetchPackageMetaData
50 silly fetchPackageMetaData Please make sure you have the correct access rights
50 silly fetchPackageMetaData and the repository exists.
50 silly fetchPackageMetaData
50 silly fetchPackageMetaData     at ChildProcess.exithandler (child_process.js:275:12)
50 silly fetchPackageMetaData     at emitTwo (events.js:126:13)
50 silly fetchPackageMetaData     at ChildProcess.emit (events.js:214:7)
50 silly fetchPackageMetaData     at maybeClose (internal/child_process.js:925:16)
50 silly fetchPackageMetaData     at Process.ChildProcess._handle.onexit (internal/child_process.js:209:5)
50 silly fetchPackageMetaData  error for jquery-ui-dist/jquery-ui { Error: Command failed: git clone --template=/home/ekaterina/.npm/_git-remotes/_templates --mirror git@github.com:jquery-ui-dist/jquery-ui.git /home/ekaterina/.npm/_git-remotes/git-github-com-jquery-ui-dist-jquery-ui-git-9a9d9a06
50 silly fetchPackageMetaData Cloning into bare repository '/home/ekaterina/.npm/_git-remotes/git-github-com-jquery-ui-dist-jquery-ui-git-9a9d9a06'...
50 silly fetchPackageMetaData Host key verification failed.
50 silly fetchPackageMetaData fatal: Could not read from remote repository.
50 silly fetchPackageMetaData
50 silly fetchPackageMetaData Please make sure you have the correct access rights
50 silly fetchPackageMetaData and the repository exists.
50 silly fetchPackageMetaData
50 silly fetchPackageMetaData     at ChildProcess.exithandler (child_process.js:275:12)
50 silly fetchPackageMetaData     at emitTwo (events.js:126:13)
50 silly fetchPackageMetaData     at ChildProcess.emit (events.js:214:7)
50 silly fetchPackageMetaData     at maybeClose (internal/child_process.js:925:16)
50 silly fetchPackageMetaData     at Process.ChildProcess._handle.onexit (internal/child_process.js:209:5)
50 silly fetchPackageMetaData   killed: false,
50 silly fetchPackageMetaData   code: 128,
50 silly fetchPackageMetaData   signal: null,
50 silly fetchPackageMetaData   cmd: 'git clone --template=/home/ekaterina/.npm/_git-remotes/_templates --mirror git@github.com:jquery-ui-dist/jquery-ui.git /home/ekaterina/.npm/_git-remotes/git-github-com-jquery-ui-dist-jquery-ui-git-9a9d9a06' }
51 silly rollbackFailedOptional Starting
52 silly rollbackFailedOptional Finishing
53 silly runTopLevelLifecycles Starting
54 silly runTopLevelLifecycles Finishing
55 silly install printInstalled
56 verbose stack Error: Command failed: git clone --template=/home/ekaterina/.npm/_git-remotes/_templates --mirror git@github.com:jquery-ui-dist/jquery-ui.git /home/ekaterina/.npm/_git-remotes/git-github-com-jquery-ui-dist-jquery-ui-git-9a9d9a06
56 verbose stack Cloning into bare repository '/home/ekaterina/.npm/_git-remotes/git-github-com-jquery-ui-dist-jquery-ui-git-9a9d9a06'...
56 verbose stack Host key verification failed.
56 verbose stack fatal: Could not read from remote repository.
56 verbose stack
56 verbose stack Please make sure you have the correct access rights
56 verbose stack and the repository exists.
56 verbose stack
56 verbose stack     at ChildProcess.exithandler (child_process.js:275:12)
56 verbose stack     at emitTwo (events.js:126:13)
56 verbose stack     at ChildProcess.emit (events.js:214:7)
56 verbose stack     at maybeClose (internal/child_process.js:925:16)
56 verbose stack     at Process.ChildProcess._handle.onexit (internal/child_process.js:209:5)
57 verbose cwd /home/ekaterina/Projects/diary
58 error Linux 5.3.0-42-generic
59 error argv "/usr/bin/node" "/usr/bin/npm" "install" "--save" "jquery-ui-dist/jquery-ui"
60 error node v8.10.0
61 error npm  v3.5.2
62 error code 128
63 error Command failed: git clone --template=/home/ekaterina/.npm/_git-remotes/_templates --mirror git@github.com:jquery-ui-dist/jquery-ui.git /home/ekaterina/.npm/_git-remotes/git-github-com-jquery-ui-dist-jquery-ui-git-9a9d9a06
63 error Cloning into bare repository '/home/ekaterina/.npm/_git-remotes/git-github-com-jquery-ui-dist-jquery-ui-git-9a9d9a06'...
63 error Host key verification failed.
63 error fatal: Could not read from remote repository.
63 error
63 error Please make sure you have the correct access rights
63 error and the repository exists.
64 error If you need help, you may report this error at:
64 error     <https://github.com/npm/npm/issues>
65 verbose exit [ 1, true ]
